::1 - - [02/Dec/2022:00:19:14 +0300] "GET / HTTP/1.1" 200 46
::1 - - [02/Dec/2022:00:19:14 +0300] "GET /favicon.ico HTTP/1.1" 404 196
::1 - - [02/Dec/2022:00:20:14 +0300] "-" 408 -
::1 - - [02/Dec/2022:00:48:12 +0300] "GET / HTTP/1.1" 200 1103
::1 - - [02/Dec/2022:00:48:16 +0300] "GET /audiences.php HTTP/1.1" 200 53265
::1 - - [02/Dec/2022:00:48:21 +0300] "GET /components/js/require-config.js HTTP/1.1" 200 3127
::1 - - [02/Dec/2022:00:48:21 +0300] "GET /components/assets/css/main.css HTTP/1.1" 200 286055
::1 - - [02/Dec/2022:00:48:21 +0300] "GET /components/js/libs/require.js HTTP/1.1" 200 14873
::1 - - [02/Dec/2022:00:48:21 +0300] "GET /components/js/main-bundle.js HTTP/1.1" 200 762204
::1 - - [02/Dec/2022:00:48:21 +0300] "GET /components/js/user.js HTTP/1.1" 200 323
::1 - - [02/Dec/2022:00:48:21 +0300] "GET /components/js/jslang.php HTTP/1.1" 200 4005
::1 - - [02/Dec/2022:00:48:22 +0300] "GET /components/assets/fonts/phpgenerator.ttf?izi13q HTTP/1.1" 200 19112
::1 - - [02/Dec/2022:00:48:27 +0300] "GET /components/js/pgui.lite-version-notification.js HTTP/1.1" 200 1070
::1 - - [02/Dec/2022:00:48:27 +0300] "GET /components/templates/lite_version_notification.html HTTP/1.1" 200 4694
::1 - - [02/Dec/2022:00:48:54 +0300] "GET /schedule.php HTTP/1.1" 200 60976
::1 - - [02/Dec/2022:00:48:57 +0300] "GET /components/js/user.js HTTP/1.1" 200 -
::1 - - [02/Dec/2022:00:48:57 +0300] "GET /components/js/jslang.php HTTP/1.1" 200 4005
::1 - - [02/Dec/2022:00:49:20 +0300] "GET /specializations.php HTTP/1.1" 200 38289
::1 - - [02/Dec/2022:00:49:20 +0300] "GET /components/js/user.js HTTP/1.1" 304 -
::1 - - [02/Dec/2022:00:49:20 +0300] "GET /components/js/jslang.php HTTP/1.1" 200 4005
::1 - - [02/Dec/2022:00:49:21 +0300] "GET /schedule.php HTTP/1.1" 200 60976
::1 - - [02/Dec/2022:00:49:21 +0300] "GET /components/js/jslang.php HTTP/1.1" 200 4005
::1 - - [02/Dec/2022:00:49:34 +0300] "GET /specializations.php HTTP/1.1" 200 38289
::1 - - [02/Dec/2022:00:49:34 +0300] "GET /components/js/user.js HTTP/1.1" 304 -
::1 - - [02/Dec/2022:00:49:34 +0300] "GET /components/js/jslang.php HTTP/1.1" 200 4005
::1 - - [02/Dec/2022:00:49:36 +0300] "GET /stud_groups.php HTTP/1.1" 200 53273
::1 - - [02/Dec/2022:00:49:36 +0300] "GET /components/js/jslang.php HTTP/1.1" 200 4005
::1 - - [02/Dec/2022:00:49:37 +0300] "GET /students.php HTTP/1.1" 200 54666
::1 - - [02/Dec/2022:00:49:37 +0300] "GET /components/js/jslang.php HTTP/1.1" 200 4005
::1 - - [02/Dec/2022:00:49:38 +0300] "GET /teacher_subject.php HTTP/1.1" 200 34435
::1 - - [02/Dec/2022:00:49:38 +0300] "GET /components/js/user.js HTTP/1.1" 304 -
::1 - - [02/Dec/2022:00:49:38 +0300] "GET /components/js/jslang.php HTTP/1.1" 200 4005
::1 - - [02/Dec/2022:00:49:51 +0300] "GET /teachers.php HTTP/1.1" 200 53502
::1 - - [02/Dec/2022:00:49:51 +0300] "GET /components/js/user.js HTTP/1.1" 304 -
::1 - - [02/Dec/2022:00:49:51 +0300] "GET /components/js/jslang.php HTTP/1.1" 200 4005
::1 - - [02/Dec/2022:00:49:54 +0300] "GET /university_buildings.php HTTP/1.1" 200 43844
::1 - - [02/Dec/2022:00:49:54 +0300] "GET /components/js/jslang.php HTTP/1.1" 200 4005
::1 - - [02/Dec/2022:00:50:01 +0300] "GET /audiences.php HTTP/1.1" 200 53265
::1 - - [02/Dec/2022:00:50:01 +0300] "GET /components/js/user.js HTTP/1.1" 304 -
::1 - - [02/Dec/2022:00:50:01 +0300] "GET /components/js/jslang.php HTTP/1.1" 200 4005
::1 - - [02/Dec/2022:00:50:03 +0300] "GET /schedule.php HTTP/1.1" 200 60976
::1 - - [02/Dec/2022:00:50:03 +0300] "GET /components/js/jslang.php HTTP/1.1" 200 4005
::1 - - [02/Dec/2022:00:50:05 +0300] "GET /specializations.php HTTP/1.1" 200 38289
::1 - - [02/Dec/2022:00:50:05 +0300] "GET /components/js/jslang.php HTTP/1.1" 200 4005
::1 - - [02/Dec/2022:00:50:09 +0300] "GET /stud_groups.php HTTP/1.1" 200 53273
::1 - - [02/Dec/2022:00:50:09 +0300] "GET /components/js/user.js HTTP/1.1" 304 -
::1 - - [02/Dec/2022:00:50:09 +0300] "GET /components/js/jslang.php HTTP/1.1" 200 4005
::1 - - [02/Dec/2022:00:50:11 +0300] "GET /students.php HTTP/1.1" 200 54666
::1 - - [02/Dec/2022:00:50:11 +0300] "GET /components/js/jslang.php HTTP/1.1" 200 4005
::1 - - [02/Dec/2022:00:50:13 +0300] "GET /audiences.php HTTP/1.1" 200 53265
::1 - - [02/Dec/2022:00:50:13 +0300] "GET /components/js/jslang.php HTTP/1.1" 200 4005
::1 - - [02/Dec/2022:00:54:22 +0300] "GET /students.php HTTP/1.1" 404 196
::1 - - [02/Dec/2022:00:54:27 +0300] "GET / HTTP/1.1" 200 1097
::1 - - [02/Dec/2022:00:54:35 +0300] "GET /login.php HTTP/1.1" 200 5837
::1 - - [02/Dec/2022:00:54:38 +0300] "GET /components/assets/img/login_avatar.png HTTP/1.1" 200 1619
::1 - - [02/Dec/2022:00:54:38 +0300] "GET /components/js/user.js HTTP/1.1" 200 -
::1 - - [02/Dec/2022:00:54:38 +0300] "GET /components/js/jslang.php HTTP/1.1" 200 11356
::1 - - [02/Dec/2022:00:54:46 +0300] "POST /login.php HTTP/1.1" 302 -
::1 - - [02/Dec/2022:00:54:46 +0300] "GET /category_of_places.php HTTP/1.1" 200 38130
::1 - - [02/Dec/2022:00:54:48 +0300] "GET /components/js/user.js HTTP/1.1" 304 -
::1 - - [02/Dec/2022:00:54:48 +0300] "GET /components/js/jslang.php HTTP/1.1" 200 11356
::1 - - [02/Dec/2022:00:54:52 +0300] "GET /clients.php HTTP/1.1" 200 53450
::1 - - [02/Dec/2022:00:54:52 +0300] "GET /components/js/user.js HTTP/1.1" 304 -
::1 - - [02/Dec/2022:00:54:52 +0300] "GET /components/js/jslang.php HTTP/1.1" 200 11356
::1 - - [02/Dec/2022:00:54:53 +0300] "GET /films.php HTTP/1.1" 200 57969
::1 - - [02/Dec/2022:00:54:53 +0300] "GET /components/js/jslang.php HTTP/1.1" 200 11356
::1 - - [02/Dec/2022:00:54:54 +0300] "GET /halls.php HTTP/1.1" 200 51301
::1 - - [02/Dec/2022:00:54:54 +0300] "GET /components/js/jslang.php HTTP/1.1" 200 11356
::1 - - [02/Dec/2022:00:54:55 +0300] "GET /places_and_rows.php HTTP/1.1" 200 53597
::1 - - [02/Dec/2022:00:54:56 +0300] "GET /components/js/user.js HTTP/1.1" 304 -
::1 - - [02/Dec/2022:00:54:56 +0300] "GET /components/js/jslang.php HTTP/1.1" 200 11356
::1 - - [02/Dec/2022:00:54:57 +0300] "GET /price.php HTTP/1.1" 200 37672
::1 - - [02/Dec/2022:00:54:57 +0300] "GET /components/js/jslang.php HTTP/1.1" 200 11356
::1 - - [02/Dec/2022:00:54:58 +0300] "GET /sessions.php HTTP/1.1" 200 53172
::1 - - [02/Dec/2022:00:54:59 +0300] "GET /components/js/jslang.php HTTP/1.1" 200 11356
::1 - - [02/Dec/2022:00:54:59 +0300] "GET /tickets.php HTTP/1.1" 200 58188
::1 - - [02/Dec/2022:00:54:59 +0300] "GET /components/js/jslang.php HTTP/1.1" 200 11356
::1 - - [02/Dec/2022:00:55:01 +0300] "GET /clients.php HTTP/1.1" 200 53450
::1 - - [02/Dec/2022:00:55:01 +0300] "GET /components/js/user.js HTTP/1.1" 304 -
::1 - - [02/Dec/2022:00:55:01 +0300] "GET /components/js/jslang.php HTTP/1.1" 200 11356
::1 - - [02/Dec/2022:00:55:03 +0300] "GET /films.php HTTP/1.1" 200 57969
::1 - - [02/Dec/2022:00:55:03 +0300] "GET /components/js/jslang.php HTTP/1.1" 200 11356
::1 - - [02/Dec/2022:00:55:05 +0300] "GET /halls.php HTTP/1.1" 200 51301
::1 - - [02/Dec/2022:00:55:05 +0300] "GET /components/js/jslang.php HTTP/1.1" 200 11356
::1 - - [02/Dec/2022:00:55:06 +0300] "GET /places_and_rows.php HTTP/1.1" 200 53597
::1 - - [02/Dec/2022:00:55:06 +0300] "GET /components/js/user.js HTTP/1.1" 304 -
::1 - - [02/Dec/2022:00:55:06 +0300] "GET /components/js/jslang.php HTTP/1.1" 200 11356
::1 - - [02/Dec/2022:00:55:21 +0300] "GET /price.php HTTP/1.1" 200 37672
::1 - - [02/Dec/2022:00:55:21 +0300] "GET /components/js/user.js HTTP/1.1" 304 -
::1 - - [02/Dec/2022:00:55:21 +0300] "GET /components/js/jslang.php HTTP/1.1" 200 11356
::1 - - [02/Dec/2022:00:55:23 +0300] "GET /sessions.php HTTP/1.1" 200 53172
::1 - - [02/Dec/2022:00:55:23 +0300] "GET /components/js/jslang.php HTTP/1.1" 200 11356
::1 - - [02/Dec/2022:00:55:25 +0300] "GET /tickets.php HTTP/1.1" 200 58188
::1 - - [02/Dec/2022:00:55:25 +0300] "GET /components/js/jslang.php HTTP/1.1" 200 11356
::1 - - [02/Dec/2022:00:55:26 +0300] "GET /category_of_places.php HTTP/1.1" 200 38130
::1 - - [02/Dec/2022:00:55:27 +0300] "GET /components/js/jslang.php HTTP/1.1" 200 11356
::1 - - [02/Dec/2022:00:55:58 +0300] "GET /category_of_places.php HTTP/1.1" 200 38130
::1 - - [02/Dec/2022:00:56:38 +0300] "GET /time_table/index.php HTTP/1.1" 200 9910
::1 - - [02/Dec/2022:00:56:39 +0300] "GET /time_table/components/assets/css/main.css HTTP/1.1" 200 286055
::1 - - [02/Dec/2022:00:56:39 +0300] "GET /time_table/components/js/require-config.js HTTP/1.1" 200 3127
::1 - - [02/Dec/2022:00:56:39 +0300] "GET /time_table/components/js/libs/require.js HTTP/1.1" 200 14873
::1 - - [02/Dec/2022:00:56:39 +0300] "GET /time_table/components/js/main-bundle.js HTTP/1.1" 200 762204
::1 - - [02/Dec/2022:00:56:39 +0300] "GET /time_table/components/js/user.js HTTP/1.1" 200 -
::1 - - [02/Dec/2022:00:56:39 +0300] "GET /time_table/components/js/jslang.php HTTP/1.1" 200 4005
::1 - - [02/Dec/2022:00:56:44 +0300] "GET /time_table/teachers.php HTTP/1.1" 200 53502
::1 - - [02/Dec/2022:00:56:44 +0300] "GET /time_table/components/assets/fonts/phpgenerator.ttf?izi13q HTTP/1.1" 200 19112
::1 - - [02/Dec/2022:00:56:44 +0300] "GET /time_table/components/js/jslang.php HTTP/1.1" 200 4005
::1 - - [02/Dec/2022:00:56:49 +0300] "GET /time_table/stud_groups.php HTTP/1.1" 200 53273
::1 - - [02/Dec/2022:00:56:49 +0300] "GET /time_table/components/js/jslang.php HTTP/1.1" 200 4005
::1 - - [02/Dec/2022:00:56:52 +0300] "GET /time_table/teacher_subject.php HTTP/1.1" 200 34435
::1 - - [02/Dec/2022:00:56:52 +0300] "GET /time_table/components/js/jslang.php HTTP/1.1" 200 4005
::1 - - [02/Dec/2022:00:56:53 +0300] "GET /time_table/subjects.php HTTP/1.1" 200 57431
::1 - - [02/Dec/2022:00:56:53 +0300] "GET /time_table/components/js/jslang.php HTTP/1.1" 200 4005
::1 - - [02/Dec/2022:00:57:49 +0300] "-" 408 -
::1 - - [02/Dec/2022:01:01:56 +0300] "GET / HTTP/1.1" 200 1101
::1 - - [02/Dec/2022:01:01:59 +0300] "GET /index.php HTTP/1.1" 200 9923
::1 - - [02/Dec/2022:01:02:02 +0300] "GET /components/js/user.js HTTP/1.1" 200 -
::1 - - [02/Dec/2022:01:02:02 +0300] "GET /components/js/jslang.php HTTP/1.1" 200 11356
::1 - - [02/Dec/2022:01:02:04 +0300] "GET /clients_pilots_air.php HTTP/1.1" 200 36823
::1 - - [02/Dec/2022:01:02:05 +0300] "GET /components/js/user.js HTTP/1.1" 304 -
::1 - - [02/Dec/2022:01:02:05 +0300] "GET /components/js/jslang.php HTTP/1.1" 200 11356
::1 - - [02/Dec/2022:01:02:07 +0300] "GET /driver.php HTTP/1.1" 200 54247
::1 - - [02/Dec/2022:01:02:08 +0300] "GET /components/js/user.js HTTP/1.1" 304 -
::1 - - [02/Dec/2022:01:02:08 +0300] "GET /components/js/jslang.php HTTP/1.1" 200 11356
::1 - - [02/Dec/2022:01:02:10 +0300] "GET /air_baloons.php HTTP/1.1" 200 54707
::1 - - [02/Dec/2022:01:02:10 +0300] "GET /components/js/user.js HTTP/1.1" 304 -
::1 - - [02/Dec/2022:01:02:10 +0300] "GET /components/js/jslang.php HTTP/1.1" 200 11356
::1 - - [02/Dec/2022:01:04:02 +0300] "GET /clients_pilots_air.php HTTP/1.1" 200 36823
::1 - - [02/Dec/2022:01:04:02 +0300] "GET /components/js/user.js HTTP/1.1" 304 -
::1 - - [02/Dec/2022:01:04:02 +0300] "GET /components/js/jslang.php HTTP/1.1" 200 11356
::1 - - [02/Dec/2022:14:27:50 +0300] "GET / HTTP/1.1" 200 421
::1 - - [02/Dec/2022:14:27:51 +0300] "GET /favicon.ico HTTP/1.1" 404 196
::1 - - [02/Dec/2022:14:27:53 +0300] "GET /time_table/ HTTP/1.1" 200 1166
::1 - - [02/Dec/2022:14:27:54 +0300] "GET /time_table/index.php HTTP/1.1" 200 9910
::1 - - [02/Dec/2022:14:27:59 +0300] "GET /time_table/components/js/user.js HTTP/1.1" 304 -
::1 - - [02/Dec/2022:14:27:59 +0300] "GET /time_table/components/js/jslang.php HTTP/1.1" 200 4005
::1 - - [02/Dec/2022:14:28:05 +0300] "GET /time_table/audiences.php HTTP/1.1" 200 53265
::1 - - [02/Dec/2022:14:28:07 +0300] "GET /time_table/components/js/jslang.php HTTP/1.1" 200 4005
::1 - - [02/Dec/2022:14:29:05 +0300] "-" 408 -
::1 - - [02/Dec/2022:14:29:27 +0300] "GET /time_table/audiences.php?order%5B0%5D=aid_audience HTTP/1.1" 200 53334
::1 - - [02/Dec/2022:14:29:28 +0300] "GET /time_table/components/js/jslang.php HTTP/1.1" 200 4005
::1 - - [02/Dec/2022:14:29:30 +0300] "GET /time_table/audiences.php?order%5B0%5D=did_audience HTTP/1.1" 200 53336
::1 - - [02/Dec/2022:14:29:31 +0300] "GET /time_table/components/js/jslang.php HTTP/1.1" 200 4005
::1 - - [02/Dec/2022:14:29:33 +0300] "GET /time_table/audiences.php?order%5B0%5D=aid_audience HTTP/1.1" 200 53334
::1 - - [02/Dec/2022:14:29:33 +0300] "GET /time_table/components/js/jslang.php HTTP/1.1" 200 4005
::1 - - [02/Dec/2022:14:29:35 +0300] "GET /time_table/audiences.php?order%5B0%5D=did_audience HTTP/1.1" 200 53336
::1 - - [02/Dec/2022:14:29:35 +0300] "GET /time_table/components/js/jslang.php HTTP/1.1" 200 4005
::1 - - [02/Dec/2022:14:29:36 +0300] "GET /time_table/audiences.php?order%5B0%5D=aid_audience HTTP/1.1" 200 53334
::1 - - [02/Dec/2022:14:29:36 +0300] "GET /time_table/components/js/jslang.php HTTP/1.1" 200 4005
::1 - - [02/Dec/2022:14:29:38 +0300] "GET /time_table/audiences.php?order%5B0%5D=did_audience HTTP/1.1" 200 53336
::1 - - [02/Dec/2022:14:29:38 +0300] "GET /time_table/components/js/jslang.php HTTP/1.1" 200 4005
::1 - - [02/Dec/2022:14:29:40 +0300] "GET /time_table/audiences.php HTTP/1.1" 200 53336
::1 - - [02/Dec/2022:14:29:41 +0300] "GET /time_table/components/js/jslang.php HTTP/1.1" 200 4005
::1 - - [02/Dec/2022:14:29:55 +0300] "GET /time_table/components/assets/img/vendor/select2/select2-spinner.gif HTTP/1.1" 200 1849
::1 - - [02/Dec/2022:14:30:09 +0300] "GET /time_table/components/assets/img/vendor/select2/select2.png HTTP/1.1" 200 613
::1 - - [02/Dec/2022:14:30:14 +0300] "GET /time_table/audiences.php?quick_filter=pc&quick_filter_operator=Equals&quick_filter_fields%5B0%5D=id_spec HTTP/1.1" 200 44790
::1 - - [02/Dec/2022:14:30:15 +0300] "GET /time_table/components/js/jslang.php HTTP/1.1" 200 4005
::1 - - [02/Dec/2022:14:31:14 +0300] "-" 408 -
::1 - - [02/Dec/2022:14:33:40 +0300] "GET / HTTP/1.1" 200 1407
::1 - - [02/Dec/2022:14:33:43 +0300] "GET /index.php HTTP/1.1" 302 -
::1 - - [02/Dec/2022:14:33:48 +0300] "GET /login.php HTTP/1.1" 200 5950
::1 - - [02/Dec/2022:14:33:49 +0300] "GET /components/js/user.js HTTP/1.1" 200 -
::1 - - [02/Dec/2022:14:33:49 +0300] "GET /components/js/jslang.php HTTP/1.1" 200 11356
::1 - - [02/Dec/2022:14:33:53 +0300] "GET /audiences.php HTTP/1.1" 200 5937
::1 - - [02/Dec/2022:14:33:54 +0300] "GET /components/js/user.js HTTP/1.1" 304 -
::1 - - [02/Dec/2022:14:33:54 +0300] "GET /components/js/jslang.php HTTP/1.1" 200 11356
::1 - - [02/Dec/2022:14:34:02 +0300] "GET /login.php HTTP/1.1" 200 5950
::1 - - [02/Dec/2022:14:34:12 +0300] "POST /login.php HTTP/1.1" 302 -
::1 - - [02/Dec/2022:14:34:12 +0300] "GET /audiences.php HTTP/1.1" 200 41944
::1 - - [02/Dec/2022:14:34:15 +0300] "GET /components/js/user.js HTTP/1.1" 304 -
::1 - - [02/Dec/2022:14:34:15 +0300] "GET /components/js/jslang.php HTTP/1.1" 200 11356
::1 - - [02/Dec/2022:14:34:24 +0300] "GET /audiences.php?operation=view&pk0=10 HTTP/1.1" 200 14511
::1 - - [02/Dec/2022:14:34:25 +0300] "GET /components/js/user.js HTTP/1.1" 304 -
::1 - - [02/Dec/2022:14:34:25 +0300] "GET /components/js/jslang.php HTTP/1.1" 200 11356
::1 - - [02/Dec/2022:14:34:28 +0300] "GET /audiences.php?operation=return HTTP/1.1" 200 41944
::1 - - [02/Dec/2022:14:34:29 +0300] "GET /components/js/jslang.php HTTP/1.1" 200 11356
::1 - - [02/Dec/2022:14:34:33 +0300] "GET /audiences.php?operation=return&quick_filter=&quick_filter_operator=Equals&quick_filter_fields%5B0%5D=id_spec HTTP/1.1" 200 47595
::1 - - [02/Dec/2022:14:34:34 +0300] "GET /components/js/user.js HTTP/1.1" 304 -
::1 - - [02/Dec/2022:14:34:34 +0300] "GET /components/js/jslang.php HTTP/1.1" 200 11356
::1 - - [02/Dec/2022:14:34:49 +0300] "GET /login.php?operation=logout HTTP/1.1" 200 5950
::1 - - [02/Dec/2022:14:34:49 +0300] "GET /components/js/user.js HTTP/1.1" 304 -
::1 - - [02/Dec/2022:14:34:49 +0300] "GET /components/js/jslang.php HTTP/1.1" 200 11356
::1 - - [02/Dec/2022:14:34:52 +0300] "POST /login.php?operation=logout HTTP/1.1" 302 -
::1 - - [02/Dec/2022:14:34:52 +0300] "GET /audiences.php HTTP/1.1" 200 55641
::1 - - [02/Dec/2022:14:34:52 +0300] "GET /components/js/jslang.php HTTP/1.1" 200 11356
::1 - - [02/Dec/2022:14:55:28 +0300] "GET /index.php HTTP/1.1" 200 11098
::1 - - [02/Dec/2022:14:55:29 +0300] "GET /components/js/user.js HTTP/1.1" 304 -
::1 - - [02/Dec/2022:14:55:29 +0300] "GET /components/js/jslang.php HTTP/1.1" 200 11356
::1 - - [02/Dec/2022:14:55:37 +0300] "GET /schedule.php HTTP/1.1" 200 63316
::1 - - [02/Dec/2022:14:55:38 +0300] "GET /components/js/jslang.php HTTP/1.1" 200 11356
::1 - - [02/Dec/2022:14:55:44 +0300] "GET /teacher_subject.php HTTP/1.1" 200 36238
::1 - - [02/Dec/2022:14:55:44 +0300] "GET /components/js/jslang.php HTTP/1.1" 200 11356
::1 - - [02/Dec/2022:14:55:45 +0300] "GET /subjects.php HTTP/1.1" 200 59815
::1 - - [02/Dec/2022:14:55:45 +0300] "GET /components/js/jslang.php HTTP/1.1" 200 11356
::1 - - [02/Dec/2022:14:55:46 +0300] "GET /schedule.php HTTP/1.1" 200 63316
::1 - - [02/Dec/2022:14:55:47 +0300] "GET /components/js/jslang.php HTTP/1.1" 200 11356
::1 - - [02/Dec/2022:14:55:47 +0300] "GET /audiences.php HTTP/1.1" 200 55641
::1 - - [02/Dec/2022:14:55:47 +0300] "GET /components/js/jslang.php HTTP/1.1" 200 11356
::1 - - [02/Dec/2022:14:55:55 +0300] "GET /login.php?operation=logout HTTP/1.1" 200 5950
::1 - - [02/Dec/2022:14:55:55 +0300] "GET /components/js/jslang.php HTTP/1.1" 200 11356
::1 - - [02/Dec/2022:14:55:59 +0300] "POST /login.php?operation=logout HTTP/1.1" 302 -
::1 - - [02/Dec/2022:14:55:59 +0300] "GET /audiences.php HTTP/1.1" 200 55641
::1 - - [02/Dec/2022:14:55:59 +0300] "GET /components/js/jslang.php HTTP/1.1" 200 11356
::1 - - [02/Dec/2022:14:56:06 +0300] "GET /login.php?operation=logout HTTP/1.1" 200 5950
::1 - - [02/Dec/2022:14:56:07 +0300] "GET /components/js/jslang.php HTTP/1.1" 200 11356
::1 - - [02/Dec/2022:14:56:14 +0300] "POST /login.php?operation=logout HTTP/1.1" 302 -
::1 - - [02/Dec/2022:14:56:14 +0300] "GET /audiences.php HTTP/1.1" 200 44050
::1 - - [02/Dec/2022:14:56:14 +0300] "GET /components/js/jslang.php HTTP/1.1" 200 11356
::1 - - [02/Dec/2022:14:56:19 +0300] "GET /login.php?operation=logout HTTP/1.1" 200 5950
::1 - - [02/Dec/2022:14:56:19 +0300] "GET /components/js/jslang.php HTTP/1.1" 200 11356
::1 - - [02/Dec/2022:14:56:29 +0300] "POST /login.php?operation=logout HTTP/1.1" 302 -
::1 - - [02/Dec/2022:14:56:29 +0300] "GET /audiences.php HTTP/1.1" 200 47595
::1 - - [02/Dec/2022:14:56:29 +0300] "GET /components/js/jslang.php HTTP/1.1" 200 11356
::1 - - [02/Dec/2022:14:56:41 +0300] "GET /audiences.php?order%5B0%5D=aid_audience HTTP/1.1" 200 47593
::1 - - [02/Dec/2022:14:56:41 +0300] "GET /components/js/jslang.php HTTP/1.1" 200 11356
::1 - - [02/Dec/2022:14:56:43 +0300] "GET /audiences.php?order%5B0%5D=aid_building_address HTTP/1.1" 200 47593
::1 - - [02/Dec/2022:14:56:44 +0300] "GET /components/js/jslang.php HTTP/1.1" 200 11356
::1 - - [02/Dec/2022:14:56:45 +0300] "GET /audiences.php?order%5B0%5D=aaudience_name HTTP/1.1" 200 47593
::1 - - [02/Dec/2022:14:56:45 +0300] "GET /components/js/jslang.php HTTP/1.1" 200 11356
::1 - - [02/Dec/2022:14:56:50 +0300] "GET /components/assets/img/vendor/select2/select2.png HTTP/1.1" 200 613
::1 - - [02/Dec/2022:14:57:00 +0300] "GET /audiences.php HTTP/1.1" 200 47593
::1 - - [02/Dec/2022:14:57:00 +0300] "GET /components/js/jslang.php HTTP/1.1" 200 11356
::1 - - [02/Dec/2022:14:58:00 +0300] "-" 408 -
::1 - - [02/Dec/2022:14:58:23 +0300] "GET /audiences.php?order%5B0%5D=aid_spec_spec_name HTTP/1.1" 200 47593
::1 - - [02/Dec/2022:14:58:23 +0300] "GET /audiences.php?order%5B0%5D=did_spec_spec_name HTTP/1.1" 200 47595
::1 - - [02/Dec/2022:14:58:23 +0300] "GET /components/js/user.js HTTP/1.1" 304 -
::1 - - [02/Dec/2022:14:58:23 +0300] "GET /components/js/jslang.php HTTP/1.1" 200 11356
::1 - - [02/Dec/2022:14:58:36 +0300] "GET /schedule.php HTTP/1.1" 200 54532
::1 - - [02/Dec/2022:14:58:36 +0300] "GET /components/js/jslang.php HTTP/1.1" 200 11356
::1 - - [02/Dec/2022:14:58:37 +0300] "GET /specializations.php HTTP/1.1" 200 36819
::1 - - [02/Dec/2022:14:58:37 +0300] "GET /components/js/jslang.php HTTP/1.1" 200 11356
::1 - - [02/Dec/2022:14:58:39 +0300] "GET /stud_groups.php HTTP/1.1" 200 47461
::1 - - [02/Dec/2022:14:58:39 +0300] "GET /components/js/jslang.php HTTP/1.1" 200 11356
::1 - - [02/Dec/2022:14:58:40 +0300] "GET /students.php HTTP/1.1" 200 48947
::1 - - [02/Dec/2022:14:58:40 +0300] "GET /components/js/jslang.php HTTP/1.1" 200 11356
::1 - - [02/Dec/2022:14:58:41 +0300] "GET /subjects.php HTTP/1.1" 200 50262
::1 - - [02/Dec/2022:14:58:42 +0300] "GET /components/js/jslang.php HTTP/1.1" 200 11356
::1 - - [02/Dec/2022:14:58:43 +0300] "GET /teacher_subject.php HTTP/1.1" 200 36241
::1 - - [02/Dec/2022:14:58:43 +0300] "GET /components/js/jslang.php HTTP/1.1" 200 11356
::1 - - [02/Dec/2022:14:58:46 +0300] "GET /audiences.php HTTP/1.1" 200 47595
::1 - - [02/Dec/2022:14:58:46 +0300] "GET /components/js/jslang.php HTTP/1.1" 200 11356
::1 - - [02/Dec/2022:14:59:36 +0300] "-" 408 -
